{"C:\\Users\\rageo\\WebstormProjects\\ajs_test_2\\src\\heroesSorted.js": {"path":"C:\\Users\\rageo\\WebstormProjects\\ajs_test_2\\src\\heroesSorted.js","statementMap":{"0":{"start":{"line":2,"column":21},"end":{"line":6,"column":5}},"1":{"start":{"line":7,"column":4},"end":{"line":7,"column":51}},"2":{"start":{"line":7,"column":30},"end":{"line":7,"column":49}},"3":{"start":{"line":8,"column":4},"end":{"line":8,"column":22}}},"fnMap":{"0":{"name":"heroesSorted","decl":{"start":{"line":1,"column":16},"end":{"line":1,"column":28}},"loc":{"start":{"line":1,"column":31},"end":{"line":9,"column":1}},"line":1},"1":{"name":"(anonymous_1)","decl":{"start":{"line":7,"column":20},"end":{"line":7,"column":21}},"loc":{"start":{"line":7,"column":30},"end":{"line":7,"column":49}},"line":7}},"branchMap":{},"s":{"0":1,"1":1,"2":4,"3":1},"f":{"0":1,"1":4},"b":{},"_coverageSchema":"1a1c01bbd47fc00a2c39e90264f33305004495a9","hash":"e12bbf00947a24c0b117ad3855cf181053ab1b90"}
}
